0 info it worked if it ends with ok
1 verbose cli [ '/usr/local/Cellar/node/7.0.0/bin/node',
1 verbose cli   '/usr/local/bin/npm',
1 verbose cli   'run',
1 verbose cli   'dev' ]
2 info using npm@3.10.8
3 info using node@v7.0.0
4 verbose run-script [ 'predev', 'dev', 'postdev' ]
5 info lifecycle chatsocket-server@1.0.0~predev: chatsocket-server@1.0.0
6 silly lifecycle chatsocket-server@1.0.0~predev: no script for predev, continuing
7 info lifecycle chatsocket-server@1.0.0~dev: chatsocket-server@1.0.0
8 verbose lifecycle chatsocket-server@1.0.0~dev: unsafe-perm in lifecycle true
9 verbose lifecycle chatsocket-server@1.0.0~dev: PATH: /usr/local/lib/node_modules/npm/bin/node-gyp-bin:/Users/jessekramer/Code/ChatSocket/server/node_modules/.bin:/usr/local/Cellar/node/7.0.0/bin:/Users/jessekramer/bin:/usr/local/bin:~/.composer/vendor/bin:/Applications/Sublime Text.app/Contents/SharedSupport/bin:~/Downloads/android-sdk-macosx/platform-tools:/usr/local/bin:/usr/bin:/bin:/usr/sbin:/sbin:/Library/Frameworks/Mono.framework/Versions/Current/Commands
10 verbose lifecycle chatsocket-server@1.0.0~dev: CWD: /Users/jessekramer/Code/ChatSocket/server
11 silly lifecycle chatsocket-server@1.0.0~dev: Args: [ '-c', 'yarn run transpile && yarn run start' ]
12 silly lifecycle chatsocket-server@1.0.0~dev: Returned: code: 1  signal: null
13 info lifecycle chatsocket-server@1.0.0~dev: Failed to exec dev script
14 verbose stack Error: chatsocket-server@1.0.0 dev: `yarn run transpile && yarn run start`
14 verbose stack Exit status 1
14 verbose stack     at EventEmitter.<anonymous> (/usr/local/lib/node_modules/npm/lib/utils/lifecycle.js:255:16)
14 verbose stack     at emitTwo (events.js:106:13)
14 verbose stack     at EventEmitter.emit (events.js:191:7)
14 verbose stack     at ChildProcess.<anonymous> (/usr/local/lib/node_modules/npm/lib/utils/spawn.js:40:14)
14 verbose stack     at emitTwo (events.js:106:13)
14 verbose stack     at ChildProcess.emit (events.js:191:7)
14 verbose stack     at maybeClose (internal/child_process.js:877:16)
14 verbose stack     at Process.ChildProcess._handle.onexit (internal/child_process.js:226:5)
15 verbose pkgid chatsocket-server@1.0.0
16 verbose cwd /Users/jessekramer/Code/ChatSocket/server
17 error Darwin 16.1.0
18 error argv "/usr/local/Cellar/node/7.0.0/bin/node" "/usr/local/bin/npm" "run" "dev"
19 error node v7.0.0
20 error npm  v3.10.8
21 error code ELIFECYCLE
22 error chatsocket-server@1.0.0 dev: `yarn run transpile && yarn run start`
22 error Exit status 1
23 error Failed at the chatsocket-server@1.0.0 dev script 'yarn run transpile && yarn run start'.
23 error Make sure you have the latest version of node.js and npm installed.
23 error If you do, this is most likely a problem with the chatsocket-server package,
23 error not with npm itself.
23 error Tell the author that this fails on your system:
23 error     yarn run transpile && yarn run start
23 error You can get information on how to open an issue for this project with:
23 error     npm bugs chatsocket-server
23 error Or if that isn't available, you can get their info via:
23 error     npm owner ls chatsocket-server
23 error There is likely additional logging output above.
24 verbose exit [ 1, true ]
